# JRE version: OpenJDK Runtime Environment (8.0_242-b01) (build 1.8.0_242-release-1644-b01)
# Java VM: OpenJDK 64-Bit Server VM (25.242-b01 mixed mode windows-amd64 compressed oops)
Heap:
 PSYoungGen      total 337920K, used 252967K [0x00000000e0000000, 0x00000000f9680000, 0x0000000100000000)
  eden space 297984K, 84% used [0x00000000e0000000,0x00000000ef709ee8,0x00000000f2300000)
  from space 39936K, 0% used [0x00000000f2300000,0x00000000f2300000,0x00000000f4a00000)
  to   space 38912K, 0% used [0x00000000f7080000,0x00000000f7080000,0x00000000f9680000)
 ParOldGen       total 305664K, used 63767K [0x00000000a0000000, 0x00000000b2a80000, 0x00000000e0000000)
  object space 305664K, 20% used [0x00000000a0000000,0x00000000a3e45ff0,0x00000000b2a80000)
 Metaspace       used 98598K, capacity 103328K, committed 104512K, reserved 1140736K
  class space    used 12956K, capacity 13990K, committed 14208K, reserved 1048576K
GC Heap History (10 events):
Event: 13.549 GC heap before
{Heap before GC invocations=15 (full 3):
 PSYoungGen      total 229888K, used 215552K [0x00000000e0000000, 0x00000000f2a80000, 0x0000000100000000)
  eden space 215552K, 100% used [0x00000000e0000000,0x00000000ed280000,0x00000000ed280000)
  from space 14336K, 0% used [0x00000000ed280000,0x00000000ed280000,0x00000000ee080000)
  to   space 20480K, 0% used [0x00000000f1680000,0x00000000f1680000,0x00000000f2a80000)
 ParOldGen       total 201728K, used 39104K [0x00000000a0000000, 0x00000000ac500000, 0x00000000e0000000)
  object space 201728K, 19% used [0x00000000a0000000,0x00000000a26302c8,0x00000000ac500000)
 Metaspace       used 68406K, capacity 71304K, committed 71512K, reserved 1112064K
  class space    used 9226K, capacity 9833K, committed 9856K, reserved 1048576K
Event: 13.572 GC heap after
Heap after GC invocations=15 (full 3):
 PSYoungGen      total 279040K, used 20477K [0x00000000e0000000, 0x00000000f2a80000, 0x0000000100000000)
  eden space 258560K, 0% used [0x00000000e0000000,0x00000000e0000000,0x00000000efc80000)
  from space 20480K, 99% used [0x00000000f1680000,0x00000000f2a7f550,0x00000000f2a80000)
  to   space 23552K, 0% used [0x00000000efc80000,0x00000000efc80000,0x00000000f1380000)
 ParOldGen       total 201728K, used 40015K [0x00000000a0000000, 0x00000000ac500000, 0x00000000e0000000)
  object space 201728K, 19% used [0x00000000a0000000,0x00000000a2713fe8,0x00000000ac500000)
 Metaspace       used 68406K, capacity 71304K, committed 71512K, reserved 1112064K
  class space    used 9226K, capacity 9833K, committed 9856K, reserved 1048576K
}
Event: 16.417 GC heap before
{Heap before GC invocations=16 (full 3):
 PSYoungGen      total 279040K, used 279037K [0x00000000e0000000, 0x00000000f2a80000, 0x0000000100000000)
  eden space 258560K, 100% used [0x00000000e0000000,0x00000000efc80000,0x00000000efc80000)
  from space 20480K, 99% used [0x00000000f1680000,0x00000000f2a7f550,0x00000000f2a80000)
  to   space 23552K, 0% used [0x00000000efc80000,0x00000000efc80000,0x00000000f1380000)
 ParOldGen       total 201728K, used 40015K [0x00000000a0000000, 0x00000000ac500000, 0x00000000e0000000)
  object space 201728K, 19% used [0x00000000a0000000,0x00000000a2713fe8,0x00000000ac500000)
 Metaspace       used 81041K, capacity 85198K, committed 85336K, reserved 1122304K
  class space    used 11015K, capacity 11805K, committed 11904K, reserved 1048576K
Event: 16.442 GC heap after
Heap after GC invocations=16 (full 3):
 PSYoungGen      total 282112K, used 23532K [0x00000000e0000000, 0x00000000f6800000, 0x0000000100000000)
  eden space 258560K, 0% used [0x00000000e0000000,0x00000000e0000000,0x00000000efc80000)
  from space 23552K, 99% used [0x00000000efc80000,0x00000000f137b1a8,0x00000000f1380000)
  to   space 30720K, 0% used [0x00000000f4a00000,0x00000000f4a00000,0x00000000f6800000)
 ParOldGen       total 201728K, used 50682K [0x00000000a0000000, 0x00000000ac500000, 0x00000000e0000000)
  object space 201728K, 25% used [0x00000000a0000000,0x00000000a317e9d0,0x00000000ac500000)
 Metaspace       used 81041K, capacity 85198K, committed 85336K, reserved 1122304K
  class space    used 11015K, capacity 11805K, committed 11904K, reserved 1048576K
}
Event: 238.573 GC heap before
{Heap before GC invocations=17 (full 3):
 PSYoungGen      total 282112K, used 282092K [0x00000000e0000000, 0x00000000f6800000, 0x0000000100000000)
  eden space 258560K, 100% used [0x00000000e0000000,0x00000000efc80000,0x00000000efc80000)
  from space 23552K, 99% used [0x00000000efc80000,0x00000000f137b1a8,0x00000000f1380000)
  to   space 30720K, 0% used [0x00000000f4a00000,0x00000000f4a00000,0x00000000f6800000)
 ParOldGen       total 201728K, used 50682K [0x00000000a0000000, 0x00000000ac500000, 0x00000000e0000000)
  object space 201728K, 25% used [0x00000000a0000000,0x00000000a317e9d0,0x00000000ac500000)
 Metaspace       used 91307K, capacity 96470K, committed 96728K, reserved 1132544K
  class space    used 12172K, capacity 13233K, committed 13312K, reserved 1048576K
Event: 238.617 GC heap after
Heap after GC invocations=17 (full 3):
 PSYoungGen      total 328704K, used 30697K [0x00000000e0000000, 0x00000000f7180000, 0x0000000100000000)
  eden space 297984K, 0% used [0x00000000e0000000,0x00000000e0000000,0x00000000f2300000)
  from space 30720K, 99% used [0x00000000f4a00000,0x00000000f67fa4b0,0x00000000f6800000)
  to   space 39936K, 0% used [0x00000000f2300000,0x00000000f2300000,0x00000000f4a00000)
 ParOldGen       total 201728K, used 62996K [0x00000000a0000000, 0x00000000ac500000, 0x00000000e0000000)
  object space 201728K, 31% used [0x00000000a0000000,0x00000000a3d85218,0x00000000ac500000)
 Metaspace       used 91307K, capacity 96470K, committed 96728K, reserved 1132544K
  class space    used 12172K, capacity 13233K, committed 13312K, reserved 1048576K
}
Event: 248.113 GC heap before
{Heap before GC invocations=18 (full 3):
 PSYoungGen      total 328704K, used 139584K [0x00000000e0000000, 0x00000000f7180000, 0x0000000100000000)
  eden space 297984K, 36% used [0x00000000e0000000,0x00000000e6a55e10,0x00000000f2300000)
  from space 30720K, 99% used [0x00000000f4a00000,0x00000000f67fa4b0,0x00000000f6800000)
  to   space 39936K, 0% used [0x00000000f2300000,0x00000000f2300000,0x00000000f4a00000)
 ParOldGen       total 201728K, used 62996K [0x00000000a0000000, 0x00000000ac500000, 0x00000000e0000000)
  object space 201728K, 31% used [0x00000000a0000000,0x00000000a3d85218,0x00000000ac500000)
 Metaspace       used 92824K, capacity 98346K, committed 98496K, reserved 1134592K
  class space    used 12381K, capacity 13477K, committed 13568K, reserved 1048576K
Event: 248.146 GC heap after
Heap after GC invocations=18 (full 3):
 PSYoungGen      total 337920K, used 20083K [0x00000000e0000000, 0x00000000f9680000, 0x0000000100000000)
  eden space 297984K, 0% used [0x00000000e0000000,0x00000000e0000000,0x00000000f2300000)
  from space 39936K, 50% used [0x00000000f2300000,0x00000000f369cea8,0x00000000f4a00000)
  to   space 38912K, 0% used [0x00000000f7080000,0x00000000f7080000,0x00000000f9680000)
 ParOldGen       total 201728K, used 81909K [0x00000000a0000000, 0x00000000ac500000, 0x00000000e0000000)
  object space 201728K, 40% used [0x00000000a0000000,0x00000000a4ffd548,0x00000000ac500000)
 Metaspace       used 92824K, capacity 98346K, committed 98496K, reserved 1134592K
  class space    used 12381K, capacity 13477K, committed 13568K, reserved 1048576K
}
Event: 248.146 GC heap before
{Heap before GC invocations=19 (full 4):
 PSYoungGen      total 337920K, used 20083K [0x00000000e0000000, 0x00000000f9680000, 0x0000000100000000)
  eden space 297984K, 0% used [0x00000000e0000000,0x00000000e0000000,0x00000000f2300000)
  from space 39936K, 50% used [0x00000000f2300000,0x00000000f369cea8,0x00000000f4a00000)
  to   space 38912K, 0% used [0x00000000f7080000,0x00000000f7080000,0x00000000f9680000)
 ParOldGen       total 201728K, used 81909K [0x00000000a0000000, 0x00000000ac500000, 0x00000000e0000000)
  object space 201728K, 40% used [0x00000000a0000000,0x00000000a4ffd548,0x00000000ac500000)
 Metaspace       used 92824K, capacity 98346K, committed 98496K, reserved 1134592K
  class space    used 12381K, capacity 13477K, committed 13568K, reserved 1048576K
Event: 248.336 GC heap after
Heap after GC invocations=19 (full 4):
 PSYoungGen      total 337920K, used 0K [0x00000000e0000000, 0x00000000f9680000, 0x0000000100000000)
  eden space 297984K, 0% used [0x00000000e0000000,0x00000000e0000000,0x00000000f2300000)
  from space 39936K, 0% used [0x00000000f2300000,0x00000000f2300000,0x00000000f4a00000)
  to   space 38912K, 0% used [0x00000000f7080000,0x00000000f7080000,0x00000000f9680000)
 ParOldGen       total 305664K, used 63767K [0x00000000a0000000, 0x00000000b2a80000, 0x00000000e0000000)
  object space 305664K, 20% used [0x00000000a0000000,0x00000000a3e45ff0,0x00000000b2a80000)
 Metaspace       used 92354K, capacity 96950K, committed 98496K, reserved 1134592K
  class space    used 12230K, capacity 13211K, committed 13568K, reserved 1048576K
}

